
In c15289b2fd3d7918eed824d6d624ca0ad9e58ba6.php line 85:
                                                                               
  Undefined variable: request_num (View: /var/www/html/improvement/resources/  
  views/Emails/reminder.blade.php)                                             
                                                                               

In c15289b2fd3d7918eed824d6d624ca0ad9e58ba6.php line 85:
                                   
  Undefined variable: request_num  
                                   


In c15289b2fd3d7918eed824d6d624ca0ad9e58ba6.php line 85:
                                                                               
  Undefined variable: request_num (View: /var/www/html/improvement/resources/  
  views/Emails/reminder.blade.php)                                             
                                                                               

In c15289b2fd3d7918eed824d6d624ca0ad9e58ba6.php line 85:
                                   
  Undefined variable: request_num  
                                   


In c15289b2fd3d7918eed824d6d624ca0ad9e58ba6.php line 85:
                                                                               
  Undefined variable: request_num (View: /var/www/html/improvement/resources/  
  views/Emails/reminder.blade.php)                                             
                                                                               

In c15289b2fd3d7918eed824d6d624ca0ad9e58ba6.php line 85:
                                   
  Undefined variable: request_num  
                                   


In c15289b2fd3d7918eed824d6d624ca0ad9e58ba6.php line 85:
                                                                               
  Undefined variable: request_num (View: /var/www/html/improvement/resources/  
  views/Emails/reminder.blade.php)                                             
                                                                               

In c15289b2fd3d7918eed824d6d624ca0ad9e58ba6.php line 85:
                                   
  Undefined variable: request_num  
                                   


In c15289b2fd3d7918eed824d6d624ca0ad9e58ba6.php line 85:
                                                                               
  Undefined variable: request_num (View: /var/www/html/improvement/resources/  
  views/Emails/reminder.blade.php)                                             
                                                                               

In c15289b2fd3d7918eed824d6d624ca0ad9e58ba6.php line 85:
                                   
  Undefined variable: request_num  
                                   


In c15289b2fd3d7918eed824d6d624ca0ad9e58ba6.php line 85:
                                                                               
  Undefined variable: request_num (View: /var/www/html/improvement/resources/  
  views/Emails/reminder.blade.php)                                             
                                                                               

In c15289b2fd3d7918eed824d6d624ca0ad9e58ba6.php line 85:
                                   
  Undefined variable: request_num  
                                   


In c15289b2fd3d7918eed824d6d624ca0ad9e58ba6.php line 85:
                                                                               
  Undefined variable: request_num (View: /var/www/html/improvement/resources/  
  views/Emails/reminder.blade.php)                                             
                                                                               

In c15289b2fd3d7918eed824d6d624ca0ad9e58ba6.php line 85:
                                   
  Undefined variable: request_num  
                                   


In c15289b2fd3d7918eed824d6d624ca0ad9e58ba6.php line 85:
                                                                               
  Undefined variable: request_num (View: /var/www/html/improvement/resources/  
  views/Emails/reminder.blade.php)                                             
                                                                               

In c15289b2fd3d7918eed824d6d624ca0ad9e58ba6.php line 85:
                                   
  Undefined variable: request_num  
                                   


In c15289b2fd3d7918eed824d6d624ca0ad9e58ba6.php line 85:
                                                                               
  Undefined variable: request_num (View: /var/www/html/improvement/resources/  
  views/Emails/reminder.blade.php)                                             
                                                                               

In c15289b2fd3d7918eed824d6d624ca0ad9e58ba6.php line 85:
                                   
  Undefined variable: request_num  
                                   


In c15289b2fd3d7918eed824d6d624ca0ad9e58ba6.php line 85:
                                                                               
  Undefined variable: request_num (View: /var/www/html/improvement/resources/  
  views/Emails/reminder.blade.php)                                             
                                                                               

In c15289b2fd3d7918eed824d6d624ca0ad9e58ba6.php line 85:
                                   
  Undefined variable: request_num  
                                   


In c15289b2fd3d7918eed824d6d624ca0ad9e58ba6.php line 85:
                                                                               
  Undefined variable: request_num (View: /var/www/html/improvement/resources/  
  views/Emails/reminder.blade.php)                                             
                                                                               

In c15289b2fd3d7918eed824d6d624ca0ad9e58ba6.php line 85:
                                   
  Undefined variable: request_num  
                                   


In c15289b2fd3d7918eed824d6d624ca0ad9e58ba6.php line 85:
                                                                               
  Undefined variable: request_num (View: /var/www/html/improvement/resources/  
  views/Emails/reminder.blade.php)                                             
                                                                               

In c15289b2fd3d7918eed824d6d624ca0ad9e58ba6.php line 85:
                                   
  Undefined variable: request_num  
                                   


In c15289b2fd3d7918eed824d6d624ca0ad9e58ba6.php line 85:
                                                                               
  Undefined variable: request_num (View: /var/www/html/improvement/resources/  
  views/Emails/reminder.blade.php)                                             
                                                                               

In c15289b2fd3d7918eed824d6d624ca0ad9e58ba6.php line 85:
                                   
  Undefined variable: request_num  
                                   


In Oci8.php line 464:
                                    
  ORA-12537: TNS:connection closed  
                                    


In c15289b2fd3d7918eed824d6d624ca0ad9e58ba6.php line 85:
                                                                               
  Undefined variable: request_num (View: /var/www/html/improvement/resources/  
  views/Emails/reminder.blade.php)                                             
                                                                               

In c15289b2fd3d7918eed824d6d624ca0ad9e58ba6.php line 85:
                                   
  Undefined variable: request_num  
                                   


In c15289b2fd3d7918eed824d6d624ca0ad9e58ba6.php line 85:
                                                                               
  Undefined variable: request_num (View: /var/www/html/improvement/resources/  
  views/Emails/reminder.blade.php)                                             
                                                                               

In c15289b2fd3d7918eed824d6d624ca0ad9e58ba6.php line 85:
                                   
  Undefined variable: request_num  
                                   


In c15289b2fd3d7918eed824d6d624ca0ad9e58ba6.php line 85:
                                                                               
  Undefined variable: request_num (View: /var/www/html/improvement/resources/  
  views/Emails/reminder.blade.php)                                             
                                                                               

In c15289b2fd3d7918eed824d6d624ca0ad9e58ba6.php line 85:
                                   
  Undefined variable: request_num  
                                   


In c15289b2fd3d7918eed824d6d624ca0ad9e58ba6.php line 85:
                                                                               
  Undefined variable: request_num (View: /var/www/html/improvement/resources/  
  views/Emails/reminder.blade.php)                                             
                                                                               

In c15289b2fd3d7918eed824d6d624ca0ad9e58ba6.php line 85:
                                   
  Undefined variable: request_num  
                                   


In c15289b2fd3d7918eed824d6d624ca0ad9e58ba6.php line 85:
                                                                               
  Undefined variable: request_num (View: /var/www/html/improvement/resources/  
  views/Emails/reminder.blade.php)                                             
                                                                               

In c15289b2fd3d7918eed824d6d624ca0ad9e58ba6.php line 85:
                                   
  Undefined variable: request_num  
                                   


In c15289b2fd3d7918eed824d6d624ca0ad9e58ba6.php line 85:
                                                                               
  Undefined variable: request_num (View: /var/www/html/improvement/resources/  
  views/Emails/reminder.blade.php)                                             
                                                                               

In c15289b2fd3d7918eed824d6d624ca0ad9e58ba6.php line 85:
                                   
  Undefined variable: request_num  
                                   


In c15289b2fd3d7918eed824d6d624ca0ad9e58ba6.php line 85:
                                                                               
  Undefined variable: request_num (View: /var/www/html/improvement/resources/  
  views/Emails/reminder.blade.php)                                             
                                                                               

In c15289b2fd3d7918eed824d6d624ca0ad9e58ba6.php line 85:
                                   
  Undefined variable: request_num  
                                   


In c15289b2fd3d7918eed824d6d624ca0ad9e58ba6.php line 85:
                                                                               
  Undefined variable: request_num (View: /var/www/html/improvement/resources/  
  views/Emails/reminder.blade.php)                                             
                                                                               

In c15289b2fd3d7918eed824d6d624ca0ad9e58ba6.php line 85:
                                   
  Undefined variable: request_num  
                                   


In c15289b2fd3d7918eed824d6d624ca0ad9e58ba6.php line 85:
                                                                               
  Undefined variable: request_num (View: /var/www/html/improvement/resources/  
  views/Emails/reminder.blade.php)                                             
                                                                               

In c15289b2fd3d7918eed824d6d624ca0ad9e58ba6.php line 85:
                                   
  Undefined variable: request_num  
                                   


In c15289b2fd3d7918eed824d6d624ca0ad9e58ba6.php line 85:
                                                                               
  Undefined variable: request_num (View: /var/www/html/improvement/resources/  
  views/Emails/reminder.blade.php)                                             
                                                                               

In c15289b2fd3d7918eed824d6d624ca0ad9e58ba6.php line 85:
                                   
  Undefined variable: request_num  
                                   


In c15289b2fd3d7918eed824d6d624ca0ad9e58ba6.php line 85:
                                                                               
  Undefined variable: request_num (View: /var/www/html/improvement/resources/  
  views/Emails/reminder.blade.php)                                             
                                                                               

In c15289b2fd3d7918eed824d6d624ca0ad9e58ba6.php line 85:
                                   
  Undefined variable: request_num  
                                   


In c15289b2fd3d7918eed824d6d624ca0ad9e58ba6.php line 85:
                                                                               
  Undefined variable: request_num (View: /var/www/html/improvement/resources/  
  views/Emails/reminder.blade.php)                                             
                                                                               

In c15289b2fd3d7918eed824d6d624ca0ad9e58ba6.php line 85:
                                   
  Undefined variable: request_num  
                                   


In c15289b2fd3d7918eed824d6d624ca0ad9e58ba6.php line 85:
                                                                               
  Undefined variable: request_num (View: /var/www/html/improvement/resources/  
  views/Emails/reminder.blade.php)                                             
                                                                               

In c15289b2fd3d7918eed824d6d624ca0ad9e58ba6.php line 85:
                                   
  Undefined variable: request_num  
                                   


In c15289b2fd3d7918eed824d6d624ca0ad9e58ba6.php line 85:
                                                                               
  Undefined variable: request_num (View: /var/www/html/improvement/resources/  
  views/Emails/reminder.blade.php)                                             
                                                                               

In c15289b2fd3d7918eed824d6d624ca0ad9e58ba6.php line 85:
                                   
  Undefined variable: request_num  
                                   


In c15289b2fd3d7918eed824d6d624ca0ad9e58ba6.php line 85:
                                                                               
  Undefined variable: request_num (View: /var/www/html/improvement/resources/  
  views/Emails/reminder.blade.php)                                             
                                                                               

In c15289b2fd3d7918eed824d6d624ca0ad9e58ba6.php line 85:
                                   
  Undefined variable: request_num  
                                   


In c15289b2fd3d7918eed824d6d624ca0ad9e58ba6.php line 85:
                                                                               
  Undefined variable: request_num (View: /var/www/html/improvement/resources/  
  views/Emails/reminder.blade.php)                                             
                                                                               

In c15289b2fd3d7918eed824d6d624ca0ad9e58ba6.php line 85:
                                   
  Undefined variable: request_num  
                                   

